#
# There is insufficient memory for the Java Runtime Environment to continue.
# Native memory allocation (malloc) failed to allocate 32744 bytes for ChunkPool::allocate
# Possible reasons:
#   The system is out of physical RAM or swap space
#   The process is running with CompressedOops enabled, and the Java Heap may be blocking the growth of the native heap
# Possible solutions:
#   Reduce memory load on the system
#   Increase physical memory or swap space
#   Check if swap backing store is full
#   Decrease Java heap size (-Xmx/-Xms)
#   Decrease number of Java threads
#   Decrease Java thread stack sizes (-Xss)
#   Set larger code cache with -XX:ReservedCodeCacheSize=
#   JVM is running with Unscaled Compressed Oops mode in which the Java heap is
#     placed in the first 4GB address space. The Java Heap base address is the
#     maximum limit for the native heap growth. Please use -XX:HeapBaseMinAddress
#     to set the Java Heap base and to place the Java Heap above 4GB virtual address.
# This output file may be truncated or incomplete.
#
#  Out of Memory Error (allocation.cpp:272), pid=17032, tid=0x0000000000002880
#
# JRE version: OpenJDK Runtime Environment (8.0_242-b01) (build 1.8.0_242-release-1644-b01)
# Java VM: OpenJDK 64-Bit Server VM (25.242-b01 mixed mode windows-amd64 compressed oops)
# Failed to write core dump. Minidumps are not enabled by default on client versions of Windows
#

---------------  T H R E A D  ---------------

Current thread (0x0000000017a7e800):  JavaThread "C2 CompilerThread1" daemon [_thread_in_native, id=10368, stack(0x00000000191e0000,0x00000000192e0000)]

Stack: [0x00000000191e0000,0x00000000192e0000]
[error occurred during error reporting (printing stack bounds), id 0xc0000005]

Native frames: (J=compiled Java code, j=interpreted, Vv=VM code, C=native code)


Current CompileTask:
C2:   2751 1514       4       java.net.URLClassLoader$1::run (5 bytes)


---------------  P R O C E S S  ---------------

Java Threads: ( => current thread )
  0x000000001b67e800 JavaThread "Cache worker for file hash cache (C:\Users\Deadvin\.gradle\caches\6.5\fileHashes)" [_thread_blocked, id=3436, stack(0x000000001ead0000,0x000000001ebd0000)]
  0x000000001b67d000 JavaThread "File lock request listener" [_thread_in_native, id=2340, stack(0x000000001e9d0000,0x000000001ead0000)]
  0x000000001b679000 JavaThread "Cache worker for journal cache (C:\Users\Deadvin\.gradle\caches\journal-1)" [_thread_blocked, id=11944, stack(0x000000001e7d0000,0x000000001e8d0000)]
  0x0000000019e02800 JavaThread "Thread-9" [_thread_in_Java, id=16004, stack(0x000000001d500000,0x000000001d600000)]
  0x0000000019c32000 JavaThread "Stdin handler" [_thread_blocked, id=14848, stack(0x000000001d400000,0x000000001d500000)]
  0x0000000019c2f000 JavaThread "Asynchronous log dispatcher for DefaultDaemonConnection: socket connection from /127.0.0.1:63844 to /127.0.0.1:63845" [_thread_blocked, id=17052, stack(0x000000001d300000,0x000000001d400000)]
  0x00000000197a8800 JavaThread "Daemon worker" [_thread_in_vm, id=8228, stack(0x000000001d200000,0x000000001d300000)]
  0x000000001b1ae000 JavaThread "Cancel handler" [_thread_blocked, id=2608, stack(0x000000001d100000,0x000000001d200000)]
  0x000000001b50f000 JavaThread "Handler for socket connection from /127.0.0.1:63844 to /127.0.0.1:63845" [_thread_in_native, id=10344, stack(0x000000001d000000,0x000000001d100000)]
  0x000000001b16d800 JavaThread "Daemon" [_thread_blocked, id=13296, stack(0x000000001cf00000,0x000000001d000000)]
  0x000000001b154000 JavaThread "Daemon periodic checks" [_thread_blocked, id=11536, stack(0x000000001cc00000,0x000000001cd00000)]
  0x000000001b152800 JavaThread "Incoming local TCP Connector on port 63844" [_thread_in_native, id=4372, stack(0x000000001c9c0000,0x000000001cac0000)]
  0x00000000194c0800 JavaThread "Daemon health stats" [_thread_blocked, id=3128, stack(0x000000001b3b0000,0x000000001b4b0000)]
  0x0000000017acd800 JavaThread "Service Thread" daemon [_thread_blocked, id=480, stack(0x00000000197e0000,0x00000000198e0000)]
  0x0000000017a8d000 JavaThread "C1 CompilerThread2" daemon [_thread_in_native, id=13988, stack(0x00000000192e0000,0x00000000193e0000)]
=>0x0000000017a7e800 JavaThread "C2 CompilerThread1" daemon [_thread_in_native, id=10368, stack(0x00000000191e0000,0x00000000192e0000)]
  0x0000000017a77800 JavaThread "C2 CompilerThread0" daemon [_thread_in_native, id=12520, stack(0x00000000190e0000,0x00000000191e0000)]
  0x0000000017a76000 JavaThread "Attach Listener" daemon [_thread_blocked, id=7544, stack(0x0000000018fe0000,0x00000000190e0000)]
  0x0000000017a75000 JavaThread "Signal Dispatcher" daemon [_thread_blocked, id=10960, stack(0x0000000018ee0000,0x0000000018fe0000)]
  0x0000000002e4b800 JavaThread "Finalizer" daemon [_thread_blocked, id=10784, stack(0x0000000018ce0000,0x0000000018de0000)]
  0x0000000017a59000 JavaThread "Reference Handler" daemon [_thread_blocked, id=11520, stack(0x0000000018be0000,0x0000000018ce0000)]
  0x0000000002d52800 JavaThread "main" [_thread_blocked, id=14680, stack(0x0000000002c30000,0x0000000002d30000)]

Other Threads:
  0x0000000017a35800 VMThread [stack: 0x0000000018ae0000,0x0000000018be0000] [id=8220]
  0x0000000019414000 WatcherThread [stack: 0x00000000198e0000,0x00000000199e0000] [id=11972]

VM state:not at safepoint (normal execution)

VM Mutex/Monitor currently owned by a thread: None

heap address: 0x0000000080000000, size: 2048 MB, Compressed Oops mode: 32-bit
Narrow klass base: 0x0000000000000000, Narrow klass shift: 3
Compressed class space size: 1073741824 Address: 0x0000000100000000

Heap:
 PSYoungGen      total 38400K, used 9366K [0x00000000d5580000, 0x00000000d8000000, 0x0000000100000000)
  eden space 33280K, 12% used [0x00000000d5580000,0x00000000d59a9da8,0x00000000d7600000)
  from space 5120K, 99% used [0x00000000d7b00000,0x00000000d7ffbc40,0x00000000d8000000)
  to   space 5120K, 0% used [0x00000000d7600000,0x00000000d7600000,0x00000000d7b00000)
 ParOldGen       total 87552K, used 3635K [0x0000000080000000, 0x0000000085580000, 0x00000000d5580000)
  object space 87552K, 4% used [0x0000000080000000,0x000000008038cc28,0x0000000085580000)
 Metaspace       used 15803K, capacity 16378K, committed 16640K, reserved 1062912K
  class space    used 2073K, capacity 2263K, committed 2304K, reserved 1048576K

Card table byte_map: [0x0000000012210000,0x0000000012620000] byte_map_base: 0x0000000011e10000

Marking Bits: (ParMarkBitMap*) 0x0000000064adf030
 Begin Bits: [0x0000000012cd0000, 0x0000000014cd0000)
 End Bits:   [0x0000000014cd0000, 0x0000000016cd0000)

Polling page: 0x0000000001560000

CodeCache: size=245760Kb used=5457Kb max_used=5457Kb free=240302Kb
 bounds [0x0000000002e50000, 0x00000000033b0000, 0x0000000011e50000]
 total_blobs=1923 nmethods=1526 adapters=310
 compilation: enabled

Compilation events (10 events):
Event: 2.625 Thread 0x0000000017a8d000 nmethod 1524 0x000000000339b150 code [0x000000000339b2a0, 0x000000000339b3b0]
Event: 2.665 Thread 0x0000000017a8d000 1526   !   3       java.lang.StringCoding::decode (120 bytes)
Event: 2.666 Thread 0x0000000017a8d000 nmethod 1526 0x00000000033a1950 code [0x00000000033a1c80, 0x00000000033a3698]
Event: 2.677 Thread 0x0000000017a8d000 1527       3       java.io.WinNTFileSystem::parentOrNull (171 bytes)
Event: 2.678 Thread 0x0000000017a8d000 nmethod 1527 0x00000000033a4550 code [0x00000000033a4780, 0x00000000033a54f8]
Event: 2.749 Thread 0x0000000017a8d000 1528       3       jdk.internal.org.objectweb.asm.ClassWriter::visitMethod (24 bytes)
Event: 2.750 Thread 0x0000000017a8d000 nmethod 1528 0x00000000033a5e10 code [0x00000000033a5f80, 0x00000000033a61c8]
Event: 2.750 Thread 0x0000000017a8d000 1529       3       jdk.internal.org.objectweb.asm.MethodVisitor::<init> (7 bytes)
Event: 2.750 Thread 0x0000000017a8d000 nmethod 1529 0x00000000033a6290 code [0x00000000033a6420, 0x00000000033a6788]
Event: 2.750 Thread 0x0000000017a8d000 1530       3       jdk.internal.org.objectweb.asm.MethodWriter::visitMaxs (1159 bytes)

GC Heap History (8 events):
Event: 0.998 GC heap before
{Heap before GC invocations=1 (full 0):
 PSYoungGen      total 38400K, used 33280K [0x00000000d5580000, 0x00000000d8000000, 0x0000000100000000)
  eden space 33280K, 100% used [0x00000000d5580000,0x00000000d7600000,0x00000000d7600000)
  from space 5120K, 0% used [0x00000000d7b00000,0x00000000d7b00000,0x00000000d8000000)
  to   space 5120K, 0% used [0x00000000d7600000,0x00000000d7600000,0x00000000d7b00000)
 ParOldGen       total 87552K, used 0K [0x0000000080000000, 0x0000000085580000, 0x00000000d5580000)
  object space 87552K, 0% used [0x0000000080000000,0x0000000080000000,0x0000000085580000)
 Metaspace       used 7246K, capacity 7454K, committed 7680K, reserved 1056768K
  class space    used 892K, capacity 973K, committed 1024K, reserved 1048576K
Event: 1.003 GC heap after
Heap after GC invocations=1 (full 0):
 PSYoungGen      total 38400K, used 4437K [0x00000000d5580000, 0x00000000d8000000, 0x0000000100000000)
  eden space 33280K, 0% used [0x00000000d5580000,0x00000000d5580000,0x00000000d7600000)
  from space 5120K, 86% used [0x00000000d7600000,0x00000000d7a556b8,0x00000000d7b00000)
  to   space 5120K, 0% used [0x00000000d7b00000,0x00000000d7b00000,0x00000000d8000000)
 ParOldGen       total 87552K, used 16K [0x0000000080000000, 0x0000000085580000, 0x00000000d5580000)
  object space 87552K, 0% used [0x0000000080000000,0x0000000080004000,0x0000000085580000)
 Metaspace       used 7246K, capacity 7454K, committed 7680K, reserved 1056768K
  class space    used 892K, capacity 973K, committed 1024K, reserved 1048576K
}
Event: 1.325 GC heap before
{Heap before GC invocations=2 (full 0):
 PSYoungGen      total 38400K, used 37717K [0x00000000d5580000, 0x00000000d8000000, 0x0000000100000000)
  eden space 33280K, 100% used [0x00000000d5580000,0x00000000d7600000,0x00000000d7600000)
  from space 5120K, 86% used [0x00000000d7600000,0x00000000d7a556b8,0x00000000d7b00000)
  to   space 5120K, 0% used [0x00000000d7b00000,0x00000000d7b00000,0x00000000d8000000)
 ParOldGen       total 87552K, used 16K [0x0000000080000000, 0x0000000085580000, 0x00000000d5580000)
  object space 87552K, 0% used [0x0000000080000000,0x0000000080004000,0x0000000085580000)
 Metaspace       used 7485K, capacity 7734K, committed 8064K, reserved 1056768K
  class space    used 916K, capacity 1045K, committed 1152K, reserved 1048576K
Event: 1.330 GC heap after
Heap after GC invocations=2 (full 0):
 PSYoungGen      total 38400K, used 3233K [0x00000000d5580000, 0x00000000d8000000, 0x0000000100000000)
  eden space 33280K, 0% used [0x00000000d5580000,0x00000000d5580000,0x00000000d7600000)
  from space 5120K, 63% used [0x00000000d7b00000,0x00000000d7e285e8,0x00000000d8000000)
  to   space 5120K, 0% used [0x00000000d7600000,0x00000000d7600000,0x00000000d7b00000)
 ParOldGen       total 87552K, used 24K [0x0000000080000000, 0x0000000085580000, 0x00000000d5580000)
  object space 87552K, 0% used [0x0000000080000000,0x0000000080006000,0x0000000085580000)
 Metaspace       used 7485K, capacity 7734K, committed 8064K, reserved 1056768K
  class space    used 916K, capacity 1045K, committed 1152K, reserved 1048576K
}
Event: 2.253 GC heap before
{Heap before GC invocations=3 (full 0):
 PSYoungGen      total 38400K, used 36513K [0x00000000d5580000, 0x00000000d8000000, 0x0000000100000000)
  eden space 33280K, 100% used [0x00000000d5580000,0x00000000d7600000,0x00000000d7600000)
  from space 5120K, 63% used [0x00000000d7b00000,0x00000000d7e285e8,0x00000000d8000000)
  to   space 5120K, 0% used [0x00000000d7600000,0x00000000d7600000,0x00000000d7b00000)
 ParOldGen       total 87552K, used 24K [0x0000000080000000, 0x0000000085580000, 0x00000000d5580000)
  object space 87552K, 0% used [0x0000000080000000,0x0000000080006000,0x0000000085580000)
 Metaspace       used 12094K, capacity 12444K, committed 12544K, reserved 1060864K
  class space    used 1606K, capacity 1726K, committed 1792K, reserved 1048576K
Event: 2.257 GC heap after
Heap after GC invocations=3 (full 0):
 PSYoungGen      total 38400K, used 5104K [0x00000000d5580000, 0x00000000d8000000, 0x0000000100000000)
  eden space 33280K, 0% used [0x00000000d5580000,0x00000000d5580000,0x00000000d7600000)
  from space 5120K, 99% used [0x00000000d7600000,0x00000000d7afc010,0x00000000d7b00000)
  to   space 5120K, 0% used [0x00000000d7b00000,0x00000000d7b00000,0x00000000d8000000)
 ParOldGen       total 87552K, used 1071K [0x0000000080000000, 0x0000000085580000, 0x00000000d5580000)
  object space 87552K, 1% used [0x0000000080000000,0x000000008010bf90,0x0000000085580000)
 Metaspace       used 12094K, capacity 12444K, committed 12544K, reserved 1060864K
  class space    used 1606K, capacity 1726K, committed 1792K, reserved 1048576K
}
Event: 2.603 GC heap before
{Heap before GC invocations=4 (full 0):
 PSYoungGen      total 38400K, used 37983K [0x00000000d5580000, 0x00000000d8000000, 0x0000000100000000)
  eden space 33280K, 98% used [0x00000000d5580000,0x00000000d759bd10,0x00000000d7600000)
  from space 5120K, 99% used [0x00000000d7600000,0x00000000d7afc010,0x00000000d7b00000)
  to   space 5120K, 0% used [0x00000000d7b00000,0x00000000d7b00000,0x00000000d8000000)
 ParOldGen       total 87552K, used 1071K [0x0000000080000000, 0x0000000085580000, 0x00000000d5580000)
  object space 87552K, 1% used [0x0000000080000000,0x000000008010bf90,0x0000000085580000)
 Metaspace       used 14647K, capacity 15158K, committed 15232K, reserved 1062912K
  class space    used 1996K, capacity 2153K, committed 2176K, reserved 1048576K
Event: 2.614 GC heap after
Heap after GC invocations=4 (full 0):
 PSYoungGen      total 38400K, used 5103K [0x00000000d5580000, 0x00000000d8000000, 0x0000000100000000)
  eden space 33280K, 0% used [0x00000000d5580000,0x00000000d5580000,0x00000000d7600000)
  from space 5120K, 99% used [0x00000000d7b00000,0x00000000d7ffbc40,0x00000000d8000000)
  to   space 5120K, 0% used [0x00000000d7600000,0x00000000d7600000,0x00000000d7b00000)
 ParOldGen       total 87552K, used 3635K [0x0000000080000000, 0x0000000085580000, 0x00000000d5580000)
  object space 87552K, 4% used [0x0000000080000000,0x000000008038cc28,0x0000000085580000)
 Metaspace       used 14647K, capacity 15158K, committed 15232K, reserved 1062912K
  class space    used 1996K, capacity 2153K, committed 2176K, reserved 1048576K
}

Deoptimization events (10 events):
Event: 2.268 Thread 0x00000000197a8800 Uncommon trap: reason=bimorphic action=maybe_recompile pc=0x0000000003161dcc method=java.util.HashMap.putVal(ILjava/lang/Object;Ljava/lang/Object;ZZ)Ljava/lang/Object; @ 253
Event: 2.268 Thread 0x00000000197a8800 Uncommon trap: reason=bimorphic action=maybe_recompile pc=0x0000000003161dcc method=java.util.HashMap.putVal(ILjava/lang/Object;Ljava/lang/Object;ZZ)Ljava/lang/Object; @ 253
Event: 2.268 Thread 0x00000000197a8800 Uncommon trap: reason=bimorphic action=maybe_recompile pc=0x0000000003161dcc method=java.util.HashMap.putVal(ILjava/lang/Object;Ljava/lang/Object;ZZ)Ljava/lang/Object; @ 253
Event: 2.268 Thread 0x00000000197a8800 Uncommon trap: reason=bimorphic action=maybe_recompile pc=0x0000000003157a1c method=java.util.HashMap.putVal(ILjava/lang/Object;Ljava/lang/Object;ZZ)Ljava/lang/Object; @ 253
Event: 2.461 Thread 0x00000000197a8800 Uncommon trap: reason=class_check action=maybe_recompile pc=0x000000000319aa58 method=java.util.regex.Matcher.match(II)Z @ 86
Event: 2.476 Thread 0x00000000197a8800 Uncommon trap: reason=class_check action=maybe_recompile pc=0x000000000319aa58 method=java.util.regex.Matcher.match(II)Z @ 86
Event: 2.476 Thread 0x00000000197a8800 Uncommon trap: reason=class_check action=maybe_recompile pc=0x000000000319aa58 method=java.util.regex.Matcher.match(II)Z @ 86
Event: 2.476 Thread 0x00000000197a8800 Uncommon trap: reason=class_check action=maybe_recompile pc=0x000000000301360c method=java.util.regex.Matcher.match(II)Z @ 86
Event: 2.653 Thread 0x00000000197a8800 Uncommon trap: reason=unstable_if action=reinterpret pc=0x0000000003198c14 method=java.io.File.getName()Ljava/lang/String; @ 16
Event: 2.653 Thread 0x00000000197a8800 Uncommon trap: reason=unstable_if action=reinterpret pc=0x000000000319478c method=java.lang.String.substring(I)Ljava/lang/String; @ 35

Classes redefined (0 events):
No events

Internal exceptions (10 events):
Event: 0.711 Thread 0x0000000002d52800 Exception <a 'java/lang/ArrayIndexOutOfBoundsException'> (0x00000000d6b68dd8) thrown at [C:\src\AOSP-openjdk-git\hotspot\src\share\vm\runtime\sharedRuntime.cpp, line 605]
Event: 2.177 Thread 0x0000000002d52800 Exception <a 'java/io/IOException'> (0x00000000d72a9418) thrown at [C:\src\AOSP-openjdk-git\hotspot\src\share\vm\prims\jni.cpp, line 710]
Event: 2.230 Thread 0x000000001b50f000 Exception <a 'java/lang/NoSuchMethodError': <clinit>> (0x00000000d748d858) thrown at [C:\src\AOSP-openjdk-git\hotspot\src\share\vm\prims\jni.cpp, line 1615]
Event: 2.231 Thread 0x000000001b50f000 Exception <a 'java/lang/NoSuchMethodError': <clinit>> (0x00000000d7496f60) thrown at [C:\src\AOSP-openjdk-git\hotspot\src\share\vm\prims\jni.cpp, line 1615]
Event: 2.232 Thread 0x000000001b50f000 Exception <a 'java/lang/NoSuchMethodError': <clinit>> (0x00000000d74ab570) thrown at [C:\src\AOSP-openjdk-git\hotspot\src\share\vm\prims\jni.cpp, line 1615]
Event: 2.238 Thread 0x000000001b50f000 Exception <a 'java/lang/NoSuchMethodError': <clinit>> (0x00000000d7518c80) thrown at [C:\src\AOSP-openjdk-git\hotspot\src\share\vm\prims\jni.cpp, line 1615]
Event: 2.242 Thread 0x000000001b50f000 Exception <a 'java/lang/NoSuchMethodError': <clinit>> (0x00000000d7553178) thrown at [C:\src\AOSP-openjdk-git\hotspot\src\share\vm\prims\jni.cpp, line 1615]
Event: 2.246 Thread 0x000000001b50f000 Exception <a 'java/lang/NoSuchMethodError': <clinit>> (0x00000000d7588e48) thrown at [C:\src\AOSP-openjdk-git\hotspot\src\share\vm\prims\jni.cpp, line 1615]
Event: 2.246 Thread 0x000000001b50f000 Exception <a 'java/lang/NoSuchMethodError': <clinit>> (0x00000000d7595378) thrown at [C:\src\AOSP-openjdk-git\hotspot\src\share\vm\prims\jni.cpp, line 1615]
Event: 2.749 Thread 0x00000000197a8800 Exception <a 'java/lang/NoSuchMethodError': java.lang.Object.lambda$and$0(Ljava/util/function/Predicate;Ljava/lang/Object;)Z> (0x00000000d596ba60) thrown at [C:\src\AOSP-openjdk-git\hotspot\src\share\vm\interpreter\linkResolver.cpp, line 620]

Events (10 events):
Event: 2.700 loading class java/nio/file/FileVisitor
Event: 2.701 loading class java/nio/file/FileVisitor done
Event: 2.701 loading class java/nio/file/FileVisitOption
Event: 2.701 loading class java/nio/file/FileVisitOption done
Event: 2.701 loading class org/gradle/internal/snapshot/impl/DirectorySnapshotter$DefaultExcludes
Event: 2.701 loading class org/gradle/internal/snapshot/impl/DirectorySnapshotter$DefaultExcludes done
Event: 2.701 loading class org/gradle/internal/snapshot/impl/DirectorySnapshotter$DefaultExcludes$StartMatcher
Event: 2.701 loading class org/gradle/internal/snapshot/impl/DirectorySnapshotter$DefaultExcludes$StartMatcher done
Event: 2.734 loading class org/gradle/internal/snapshot/impl/DirectorySnapshotter$DefaultExcludes$EndMatcher
Event: 2.734 loading class org/gradle/internal/snapshot/impl/DirectorySnapshotter$DefaultExcludes$EndMatcher done


Dynamic libraries:
0x00007ff760df0000 - 0x00007ff760e21000 	C:\Program Files\Android\Android Studio\jre\bin\java.exe
0x00007ffe1ba70000 - 0x00007ffe1bc68000 	C:\WINDOWS\SYSTEM32\ntdll.dll
0x00007ffe1b840000 - 0x00007ffe1b8fd000 	C:\WINDOWS\System32\KERNEL32.DLL
0x00007ffe194f0000 - 0x00007ffe197be000 	C:\WINDOWS\System32\KERNELBASE.dll
0x00007ffe19c80000 - 0x00007ffe19d2e000 	C:\WINDOWS\System32\ADVAPI32.dll
0x00007ffe1b700000 - 0x00007ffe1b79e000 	C:\WINDOWS\System32\msvcrt.dll
0x00007ffe19e90000 - 0x00007ffe19f2c000 	C:\WINDOWS\System32\sechost.dll
0x00007ffe1b900000 - 0x00007ffe1ba25000 	C:\WINDOWS\System32\RPCRT4.dll
0x00007ffe19ad0000 - 0x00007ffe19c70000 	C:\WINDOWS\System32\USER32.dll
0x00007ffe19aa0000 - 0x00007ffe19ac2000 	C:\WINDOWS\System32\win32u.dll
0x00007ffe1b810000 - 0x00007ffe1b83a000 	C:\WINDOWS\System32\GDI32.dll
0x00007ffe19990000 - 0x00007ffe19a9b000 	C:\WINDOWS\System32\gdi32full.dll
0x00007ffe198f0000 - 0x00007ffe1998d000 	C:\WINDOWS\System32\msvcp_win.dll
0x00007ffe19190000 - 0x00007ffe19290000 	C:\WINDOWS\System32\ucrtbase.dll
0x00007ffdffbe0000 - 0x00007ffdffe7a000 	C:\WINDOWS\WinSxS\amd64_microsoft.windows.common-controls_6595b64144ccf1df_6.0.19041.1110_none_60b5254171f9507e\COMCTL32.dll
0x00007ffe1a190000 - 0x00007ffe1a1c0000 	C:\WINDOWS\System32\IMM32.DLL
0x0000000065dd0000 - 0x0000000065ea2000 	C:\Program Files\Android\Android Studio\jre\jre\bin\msvcr100.dll
0x0000000064310000 - 0x0000000064b5b000 	C:\Program Files\Android\Android Studio\jre\jre\bin\server\jvm.dll
0x00007ffe1b800000 - 0x00007ffe1b808000 	C:\WINDOWS\System32\PSAPI.DLL
0x00007ffdea150000 - 0x00007ffdea159000 	C:\WINDOWS\SYSTEM32\WSOCK32.dll
0x00007ffe112f0000 - 0x00007ffe11317000 	C:\WINDOWS\SYSTEM32\WINMM.dll
0x00007ffe1b350000 - 0x00007ffe1b3bb000 	C:\WINDOWS\System32\WS2_32.dll
0x00007ffe17a70000 - 0x00007ffe17a7a000 	C:\WINDOWS\SYSTEM32\VERSION.dll
0x00007ffe16990000 - 0x00007ffe1699f000 	C:\Program Files\Android\Android Studio\jre\jre\bin\verify.dll
0x00007ffe13320000 - 0x00007ffe13349000 	C:\Program Files\Android\Android Studio\jre\jre\bin\java.dll
0x00007ffe09f10000 - 0x00007ffe09f26000 	C:\Program Files\Android\Android Studio\jre\jre\bin\zip.dll
0x00007ffe1a2f0000 - 0x00007ffe1aa34000 	C:\WINDOWS\System32\SHELL32.dll
0x00007ffe17280000 - 0x00007ffe17a14000 	C:\WINDOWS\SYSTEM32\windows.storage.dll
0x00007ffe1af40000 - 0x00007ffe1b294000 	C:\WINDOWS\System32\combase.dll
0x00007ffe18bf0000 - 0x00007ffe18c20000 	C:\WINDOWS\SYSTEM32\Wldp.dll
0x00007ffe1a0e0000 - 0x00007ffe1a18d000 	C:\WINDOWS\System32\SHCORE.dll
0x00007ffe1b6a0000 - 0x00007ffe1b6f5000 	C:\WINDOWS\System32\shlwapi.dll
0x00007ffe190d0000 - 0x00007ffe190ef000 	C:\WINDOWS\SYSTEM32\profapi.dll
0x00007ffe09a20000 - 0x00007ffe09a3a000 	C:\Program Files\Android\Android Studio\jre\jre\bin\net.dll
0x00007ffe18950000 - 0x00007ffe189ba000 	C:\WINDOWS\system32\mswsock.dll
0x00007ffe05b10000 - 0x00007ffe05b23000 	C:\Program Files\Android\Android Studio\jre\jre\bin\nio.dll
0x00007ffe09990000 - 0x00007ffe099b7000 	C:\Users\Deadvin\.gradle\native\f6784746aeab05261644944871eae4fe03e0ef1612fff0a4a95f87b438bc6780\windows-amd64\native-platform.dll
0x00007ffe14b20000 - 0x00007ffe14b2d000 	C:\Program Files\Android\Android Studio\jre\jre\bin\management.dll
0x00007ffe18b40000 - 0x00007ffe18b58000 	C:\WINDOWS\SYSTEM32\CRYPTSP.dll
0x00007ffe18260000 - 0x00007ffe18294000 	C:\WINDOWS\system32\rsaenh.dll
0x00007ffe198c0000 - 0x00007ffe198e7000 	C:\WINDOWS\System32\bcrypt.dll
0x00007ffe19090000 - 0x00007ffe190be000 	C:\WINDOWS\SYSTEM32\USERENV.dll
0x00007ffe19290000 - 0x00007ffe19312000 	C:\WINDOWS\System32\bcryptprimitives.dll
0x00007ffe18b60000 - 0x00007ffe18b6c000 	C:\WINDOWS\SYSTEM32\CRYPTBASE.dll
0x00007ffe185f0000 - 0x00007ffe1862b000 	C:\WINDOWS\SYSTEM32\IPHLPAPI.DLL
0x00007ffe19c70000 - 0x00007ffe19c78000 	C:\WINDOWS\System32\NSI.dll
0x00007ffe12ed0000 - 0x00007ffe12ee7000 	C:\WINDOWS\SYSTEM32\dhcpcsvc6.DLL
0x00007ffe12fd0000 - 0x00007ffe12fed000 	C:\WINDOWS\SYSTEM32\dhcpcsvc.DLL
0x00007ffe18640000 - 0x00007ffe1870b000 	C:\WINDOWS\SYSTEM32\DNSAPI.dll
0x00007ffe13010000 - 0x00007ffe1301b000 	C:\WINDOWS\SYSTEM32\WINNSI.DLL

VM Arguments:
jvm_args: -Xmx2048m -Dfile.encoding=UTF-8 -Duser.country=US -Duser.language=en -Duser.variant 
java_command: org.gradle.launcher.daemon.bootstrap.GradleDaemon 6.5
java_class_path (initial): C:\Users\Deadvin\.gradle\wrapper\dists\gradle-6.5-bin\6nifqtx7604sqp1q6g8wikw7p\gradle-6.5\lib\gradle-launcher-6.5.jar
Launcher Type: SUN_STANDARD

Environment Variables:
PATH=C:\Program Files (x86)\Common Files\Oracle\Java\javapath;C:\WINDOWS\system32;C:\WINDOWS;C:\WINDOWS\System32\Wbem;C:\WINDOWS\System32\WindowsPowerShell\v1.0\;C:\WINDOWS\System32\OpenSSH\;C:\Program Files\Git\cmd;C:\Strawberry\c\bin;C:\Strawberry\perl\site\bin;C:\Strawberry\perl\bin;C:\Program Files (x86)\Calibre2\;C:\Program Files (x86)\Java;C:\WINDOWS\system32;C:\WINDOWS;C:\WINDOWS\System32\Wbem;C:\WINDOWS\System32\WindowsPowerShell\v1.0\;C:\WINDOWS\System32\OpenSSH\;C:\Program Files\Git\cmd;C:\Strawberry\c\bin;C:\Strawberry\perl\site\bin;C:\Strawberry\perl\bin;C:\Program Files (x86)\Calibre2\;C:\WINDOWS\system32;C:\WINDOWS;C:\WINDOWS\System32\Wbem;C:\WINDOWS\System32\WindowsPowerShell\v1.0\;C:\WINDOWS\System32\OpenSSH\;C:\Program Files\Git\cmd;C:\Strawberry\c\bin;C:\Strawberry\perl\site\bin;C:\Strawberry\perl\bin;C:\Program Files (x86)\Calibre2\;C:\WINDOWS\system32;C:\WINDOWS;C:\WINDOWS\System32\Wbem;C:\WINDOWS\System32\WindowsPowerShell\v1.0\;C:\WINDOWS\System32\OpenSSH\;C:\Program Files\Git\cmd;C:\Strawberry\c\bin;C:\Strawberry\perl\site\bin;C:\Strawberry\perl\bin;C:\Program Files (x86)\Calibre2\;C:\Users\Deadvin\AppData\Local\Microsoft\WindowsApps;C:\Users\Deadvin\AppData\Local\Google\Cloud SDK\google-cloud-sdk\bin;C:\Program Files\heroku\bin;C:\Users\Deadvin\AppData\Local\GitHubDesktop\bin;C:\Python34\Scripts;C:\Python34\Scripts;C:\Users\De
USERNAME=Deadvin
OS=Windows_NT
PROCESSOR_IDENTIFIER=Intel64 Family 6 Model 60 Stepping 3, GenuineIntel



---------------  S Y S T E M  ---------------

OS: Windows 10.0 , 64 bit Build 19041 (10.0.19041.1806)

CPU:total 4 (initial active 4) (4 cores per cpu, 1 threads per core) family 6 model 60 stepping 3, cmov, cx8, fxsr, mmx, sse, sse2, sse3, ssse3, sse4.1, sse4.2, popcnt, avx, avx2, aes, clmul, erms, lzcnt, tsc, tscinvbit, bmi1, bmi2

Memory: 4k page, physical 8338248k(424884k free), swap 33504072k(4092k free)

vm_info: OpenJDK 64-Bit Server VM (25.242-b01) for windows-amd64 JRE (1.8.0_242-release-1644-b01), built by "builder" with MS VC++ 10.0 (VS2010)

time: Mon Aug 01 08:30:43 2022
timezone: FLE Daylight Time
elapsed time: 2 seconds (0d 0h 0m 2s)

