#
# There is insufficient memory for the Java Runtime Environment to continue.
# Native memory allocation (malloc) failed to allocate 1563648 bytes for Chunk::new
# Possible reasons:
#   The system is out of physical RAM or swap space
#   The process is running with CompressedOops enabled, and the Java Heap may be blocking the growth of the native heap
# Possible solutions:
#   Reduce memory load on the system
#   Increase physical memory or swap space
#   Check if swap backing store is full
#   Decrease Java heap size (-Xmx/-Xms)
#   Decrease number of Java threads
#   Decrease Java thread stack sizes (-Xss)
#   Set larger code cache with -XX:ReservedCodeCacheSize=
#   JVM is running with Unscaled Compressed Oops mode in which the Java heap is
#     placed in the first 4GB address space. The Java Heap base address is the
#     maximum limit for the native heap growth. Please use -XX:HeapBaseMinAddress
#     to set the Java Heap base and to place the Java Heap above 4GB virtual address.
# This output file may be truncated or incomplete.
#
#  Out of Memory Error (allocation.cpp:389), pid=10860, tid=0x0000000000002268
#
# JRE version: OpenJDK Runtime Environment (8.0_242-b01) (build 1.8.0_242-release-1644-b01)
# Java VM: OpenJDK 64-Bit Server VM (25.242-b01 mixed mode windows-amd64 compressed oops)
# Failed to write core dump. Minidumps are not enabled by default on client versions of Windows
#

---------------  T H R E A D  ---------------

Current thread (0x0000000017cee000):  JavaThread "C2 CompilerThread1" daemon [_thread_in_native, id=8808, stack(0x0000000019440000,0x0000000019540000)]

Stack: [0x0000000019440000,0x0000000019540000]
[error occurred during error reporting (printing stack bounds), id 0xc0000005]

Native frames: (J=compiled Java code, j=interpreted, Vv=VM code, C=native code)


Current CompileTask:
C2:   7675 4797       4       com.sun.beans.TypeResolver::resolve (37 bytes)


---------------  P R O C E S S  ---------------

Java Threads: ( => current thread )
  0x000000001e59c800 JavaThread "Cache worker for Build Output Cleanup Cache (C:\Users\Deadvin\Desktop\CryptoTerminal\.gradle\buildOutputCleanup)" [_thread_blocked, id=8100, stack(0x0000000029890000,0x0000000029990000)]
  0x000000001e59c000 JavaThread "jar transforms Thread 94" [_thread_blocked, id=12640, stack(0x0000000029790000,0x0000000029890000)]
  0x000000001e59b000 JavaThread "jar transforms Thread 93" [_thread_blocked, id=6980, stack(0x0000000029690000,0x0000000029790000)]
  0x000000001e599800 JavaThread "jar transforms Thread 92" [_thread_blocked, id=10872, stack(0x0000000029590000,0x0000000029690000)]
  0x000000001e59a800 JavaThread "jar transforms Thread 91" [_thread_blocked, id=12124, stack(0x0000000029490000,0x0000000029590000)]
  0x000000001e598000 JavaThread "jar transforms Thread 90" [_thread_blocked, id=15688, stack(0x0000000029390000,0x0000000029490000)]
  0x000000001e597800 JavaThread "jar transforms Thread 89" [_thread_blocked, id=8240, stack(0x0000000029290000,0x0000000029390000)]
  0x000000001e596000 JavaThread "jar transforms Thread 88" [_thread_blocked, id=13936, stack(0x0000000029190000,0x0000000029290000)]
  0x000000001e599000 JavaThread "jar transforms Thread 87" [_thread_blocked, id=17280, stack(0x0000000029090000,0x0000000029190000)]
  0x000000001e596800 JavaThread "jar transforms Thread 86" [_thread_blocked, id=4944, stack(0x0000000028f90000,0x0000000029090000)]
  0x000000001e593000 JavaThread "jar transforms Thread 85" [_thread_blocked, id=16464, stack(0x0000000028e90000,0x0000000028f90000)]
  0x000000001e58d800 JavaThread "jar transforms Thread 84" [_thread_blocked, id=12236, stack(0x0000000028d90000,0x0000000028e90000)]
  0x000000001e592000 JavaThread "jar transforms Thread 83" [_thread_blocked, id=8744, stack(0x0000000028c90000,0x0000000028d90000)]
  0x000000001e594800 JavaThread "jar transforms Thread 82" [_thread_blocked, id=5048, stack(0x0000000028b90000,0x0000000028c90000)]
  0x000000001e58f000 JavaThread "jar transforms Thread 81" [_thread_blocked, id=6472, stack(0x0000000028a90000,0x0000000028b90000)]
  0x000000001e590000 JavaThread "jar transforms Thread 80" [_thread_blocked, id=5096, stack(0x0000000028990000,0x0000000028a90000)]
  0x000000001e58e800 JavaThread "jar transforms Thread 79" [_thread_blocked, id=11288, stack(0x0000000028890000,0x0000000028990000)]
  0x000000001e590800 JavaThread "jar transforms Thread 78" [_thread_blocked, id=2176, stack(0x0000000028790000,0x0000000028890000)]
  0x000000001e593800 JavaThread "jar transforms Thread 77" [_thread_blocked, id=5812, stack(0x0000000028690000,0x0000000028790000)]
  0x000000001e591800 JavaThread "jar transforms Thread 76" [_thread_blocked, id=948, stack(0x0000000028590000,0x0000000028690000)]
  0x000000001e5e7800 JavaThread "jar transforms Thread 75" [_thread_blocked, id=2444, stack(0x0000000028490000,0x0000000028590000)]
  0x000000001e5ed000 JavaThread "jar transforms Thread 74" [_thread_blocked, id=14484, stack(0x0000000028390000,0x0000000028490000)]
  0x000000001e5ec800 JavaThread "jar transforms Thread 73" [_thread_blocked, id=5184, stack(0x0000000028290000,0x0000000028390000)]
  0x000000001e5e7000 JavaThread "jar transforms Thread 72" [_thread_blocked, id=14332, stack(0x0000000028190000,0x0000000028290000)]
  0x000000001e5ea000 JavaThread "jar transforms Thread 71" [_thread_blocked, id=15432, stack(0x0000000028090000,0x0000000028190000)]
  0x000000001e5e6000 JavaThread "jar transforms Thread 70" [_thread_blocked, id=11380, stack(0x0000000027f90000,0x0000000028090000)]
  0x000000001e5eb800 JavaThread "jar transforms Thread 69" [_thread_blocked, id=13600, stack(0x0000000027e90000,0x0000000027f90000)]
  0x000000001e5eb000 JavaThread "jar transforms Thread 68" [_thread_blocked, id=17164, stack(0x0000000027d90000,0x0000000027e90000)]
  0x000000001e5e9000 JavaThread "jar transforms Thread 67" [_thread_blocked, id=8008, stack(0x0000000027c90000,0x0000000027d90000)]
  0x000000001e5e8800 JavaThread "jar transforms Thread 66" [_thread_blocked, id=1584, stack(0x0000000027b90000,0x0000000027c90000)]
  0x000000001e5de800 JavaThread "jar transforms Thread 65" [_thread_blocked, id=12244, stack(0x0000000027a90000,0x0000000027b90000)]
  0x000000001e5e5800 JavaThread "jar transforms Thread 64" [_thread_blocked, id=3892, stack(0x0000000027990000,0x0000000027a90000)]
  0x000000001e5df800 JavaThread "jar transforms Thread 63" [_thread_blocked, id=11084, stack(0x0000000027890000,0x0000000027990000)]
  0x000000001e5e1800 JavaThread "jar transforms Thread 62" [_thread_blocked, id=13688, stack(0x0000000027790000,0x0000000027890000)]
  0x000000001e5e4000 JavaThread "jar transforms Thread 61" [_thread_blocked, id=15264, stack(0x0000000027690000,0x0000000027790000)]
  0x000000001e5e0000 JavaThread "jar transforms Thread 60" [_thread_blocked, id=14872, stack(0x0000000027590000,0x0000000027690000)]
  0x000000001e5e1000 JavaThread "jar transforms Thread 59" [_thread_blocked, id=15024, stack(0x0000000027490000,0x0000000027590000)]
  0x000000001e5e4800 JavaThread "jar transforms Thread 58" [_thread_blocked, id=15040, stack(0x0000000027390000,0x0000000027490000)]
  0x000000001e5de000 JavaThread "jar transforms Thread 57" [_thread_blocked, id=1392, stack(0x0000000027290000,0x0000000027390000)]
  0x000000001e5e3000 JavaThread "jar transforms Thread 56" [_thread_blocked, id=16608, stack(0x0000000027190000,0x0000000027290000)]
  0x000000001e5e2800 JavaThread "jar transforms Thread 55" [_thread_blocked, id=15632, stack(0x0000000027090000,0x0000000027190000)]
  0x000000001a2d6800 JavaThread "jar transforms Thread 54" [_thread_blocked, id=11132, stack(0x0000000026f90000,0x0000000027090000)]
  0x000000001a2d5800 JavaThread "jar transforms Thread 53" [_thread_blocked, id=12532, stack(0x0000000026e90000,0x0000000026f90000)]
  0x000000001a2d4000 JavaThread "jar transforms Thread 52" [_thread_blocked, id=6000, stack(0x0000000026d90000,0x0000000026e90000)]
  0x000000001a2d3800 JavaThread "jar transforms Thread 51" [_thread_blocked, id=16740, stack(0x0000000026c90000,0x0000000026d90000)]
  0x000000001a2d5000 JavaThread "jar transforms Thread 50" [_thread_blocked, id=7516, stack(0x0000000026b90000,0x0000000026c90000)]
  0x000000001a2cc000 JavaThread "jar transforms Thread 49" [_thread_blocked, id=4456, stack(0x0000000026a90000,0x0000000026b90000)]
  0x000000001a2d2800 JavaThread "jar transforms Thread 48" [_thread_blocked, id=10852, stack(0x0000000026990000,0x0000000026a90000)]
  0x000000001a2d2000 JavaThread "jar transforms Thread 47" [_thread_blocked, id=9060, stack(0x0000000026890000,0x0000000026990000)]
  0x000000001a2d1000 JavaThread "jar transforms Thread 46" [_thread_blocked, id=15148, stack(0x0000000026790000,0x0000000026890000)]
  0x000000001a2d0800 JavaThread "jar transforms Thread 45" [_thread_blocked, id=4988, stack(0x0000000026690000,0x0000000026790000)]
  0x000000001a2cf800 JavaThread "jar transforms Thread 44" [_thread_blocked, id=4936, stack(0x0000000026590000,0x0000000026690000)]
  0x000000001a2c8000 JavaThread "jar transforms Thread 43" [_thread_blocked, id=11108, stack(0x0000000026490000,0x0000000026590000)]
  0x000000001a2cb000 JavaThread "jar transforms Thread 42" [_thread_blocked, id=5092, stack(0x0000000026390000,0x0000000026490000)]
  0x000000001a2cc800 JavaThread "jar transforms Thread 41" [_thread_blocked, id=11404, stack(0x0000000026290000,0x0000000026390000)]
  0x000000001a2cf000 JavaThread "jar transforms Thread 40" [_thread_blocked, id=4388, stack(0x0000000026190000,0x0000000026290000)]
  0x000000001a2ce000 JavaThread "jar transforms Thread 39" [_thread_blocked, id=14904, stack(0x0000000026090000,0x0000000026190000)]
  0x000000001a2ca800 JavaThread "jar transforms Thread 38" [_thread_blocked, id=12064, stack(0x0000000025f90000,0x0000000026090000)]
  0x000000001a2c7800 JavaThread "jar transforms Thread 37" [_thread_blocked, id=540, stack(0x0000000025e90000,0x0000000025f90000)]
  0x000000001a2c9800 JavaThread "jar transforms Thread 36" [_thread_blocked, id=7412, stack(0x0000000025d90000,0x0000000025e90000)]
  0x000000001a2cd800 JavaThread "jar transforms Thread 35" [_thread_blocked, id=11508, stack(0x0000000025c90000,0x0000000025d90000)]
  0x000000001a2c9000 JavaThread "jar transforms Thread 34" [_thread_blocked, id=11792, stack(0x0000000025b90000,0x0000000025c90000)]
  0x000000001ec58800 JavaThread "jar transforms Thread 33" [_thread_blocked, id=3720, stack(0x0000000025a90000,0x0000000025b90000)]
  0x000000001ec5f000 JavaThread "jar transforms Thread 32" [_thread_blocked, id=12360, stack(0x0000000025990000,0x0000000025a90000)]
  0x000000001ec5d000 JavaThread "jar transforms Thread 31" [_thread_blocked, id=6928, stack(0x0000000025890000,0x0000000025990000)]
  0x000000001ec5c000 JavaThread "jar transforms Thread 30" [_thread_blocked, id=5988, stack(0x0000000025790000,0x0000000025890000)]
  0x000000001ec59000 JavaThread "jar transforms Thread 29" [_thread_blocked, id=736, stack(0x0000000025690000,0x0000000025790000)]
  0x000000001ec5e800 JavaThread "jar transforms Thread 28" [_thread_blocked, id=1328, stack(0x0000000025590000,0x0000000025690000)]
  0x000000001ec57000 JavaThread "jar transforms Thread 27" [_thread_blocked, id=11788, stack(0x0000000025490000,0x0000000025590000)]
  0x000000001ec5a800 JavaThread "jar transforms Thread 26" [_thread_blocked, id=12132, stack(0x0000000025390000,0x0000000025490000)]
  0x000000001ec57800 JavaThread "jar transforms Thread 25" [_thread_blocked, id=7424, stack(0x0000000025290000,0x0000000025390000)]
  0x000000001ec5a000 JavaThread "jar transforms Thread 24" [_thread_blocked, id=14664, stack(0x0000000025190000,0x0000000025290000)]
  0x000000001ec5b800 JavaThread "jar transforms Thread 23" [_thread_blocked, id=13260, stack(0x0000000025090000,0x0000000025190000)]
  0x000000001ec5d800 JavaThread "jar transforms Thread 22" [_thread_blocked, id=6368, stack(0x0000000024f90000,0x0000000025090000)]
  0x000000001ec4f800 JavaThread "jar transforms Thread 21" [_thread_blocked, id=10372, stack(0x0000000024e90000,0x0000000024f90000)]
  0x000000001ec54000 JavaThread "jar transforms Thread 20" [_thread_blocked, id=16320, stack(0x0000000024d90000,0x0000000024e90000)]
  0x000000001ec51000 JavaThread "jar transforms Thread 19" [_thread_blocked, id=11392, stack(0x0000000024c90000,0x0000000024d90000)]
  0x000000001ec53000 JavaThread "jar transforms Thread 18" [_thread_blocked, id=6040, stack(0x0000000024b90000,0x0000000024c90000)]
  0x000000001ec50000 JavaThread "jar transforms Thread 17" [_thread_blocked, id=11444, stack(0x0000000024a90000,0x0000000024b90000)]
  0x000000001ec51800 JavaThread "jar transforms Thread 16" [_thread_blocked, id=588, stack(0x0000000024990000,0x0000000024a90000)]
  0x000000001ec56000 JavaThread "jar transforms Thread 15" [_thread_blocked, id=3596, stack(0x0000000024890000,0x0000000024990000)]
  0x000000001ec54800 JavaThread "jar transforms Thread 14" [_thread_blocked, id=11656, stack(0x0000000024790000,0x0000000024890000)]
  0x000000001ec52800 JavaThread "jar transforms Thread 13" [_thread_blocked, id=11420, stack(0x0000000024690000,0x0000000024790000)]
  0x000000001ec55800 JavaThread "jar transforms Thread 12" [_thread_blocked, id=13060, stack(0x0000000024590000,0x0000000024690000)]
  0x000000002137d000 JavaThread "jar transforms Thread 11" [_thread_blocked, id=16984, stack(0x0000000024490000,0x0000000024590000)]
  0x000000002137c800 JavaThread "jar transforms Thread 10" [_thread_blocked, id=17024, stack(0x0000000024390000,0x0000000024490000)]
  0x000000002137b800 JavaThread "jar transforms Thread 9" [_thread_blocked, id=13104, stack(0x0000000024290000,0x0000000024390000)]
  0x000000002137b000 JavaThread "jar transforms Thread 8" [_thread_blocked, id=7108, stack(0x0000000024190000,0x0000000024290000)]
  0x000000002137a000 JavaThread "jar transforms Thread 7" [_thread_blocked, id=896, stack(0x0000000024090000,0x0000000024190000)]
  0x0000000021379800 JavaThread "jar transforms Thread 6" [_thread_blocked, id=4668, stack(0x0000000023f90000,0x0000000024090000)]
  0x0000000021372000 JavaThread "jar transforms Thread 5" [_thread_blocked, id=6548, stack(0x0000000023e90000,0x0000000023f90000)]
  0x0000000021378800 JavaThread "jar transforms Thread 4" [_thread_blocked, id=14240, stack(0x0000000023d90000,0x0000000023e90000)]
  0x0000000021378000 JavaThread "jar transforms Thread 3" [_thread_blocked, id=14492, stack(0x0000000023c90000,0x0000000023d90000)]
  0x0000000021377000 JavaThread "jar transforms Thread 2" [_thread_blocked, id=5300, stack(0x0000000023b90000,0x0000000023c90000)]
  0x0000000021376800 JavaThread "Build operations Thread 4" [_thread_blocked, id=12220, stack(0x0000000023a90000,0x0000000023b90000)]
  0x000000002136f800 JavaThread "Build operations Thread 3" [_thread_blocked, id=7192, stack(0x0000000023990000,0x0000000023a90000)]
  0x000000002136f000 JavaThread "Build operations Thread 2" [_thread_blocked, id=7304, stack(0x0000000023890000,0x0000000023990000)]
  0x0000000021371000 JavaThread "Build operations" [_thread_blocked, id=16272, stack(0x0000000023790000,0x0000000023890000)]
  0x000000002136e000 JavaThread "Cache worker for file content cache (C:\Users\Deadvin\.gradle\caches\6.5\fileContent)" [_thread_blocked, id=6244, stack(0x00000000220c0000,0x00000000221c0000)]
  0x0000000017cff800 JavaThread "jar transforms" [_thread_blocked, id=17160, stack(0x0000000020600000,0x0000000020700000)]
  0x0000000017d01000 JavaThread "Cache worker for execution history cache (C:\Users\Deadvin\.gradle\caches\6.5\executionHistory)" [_thread_blocked, id=16048, stack(0x0000000020500000,0x0000000020600000)]
  0x0000000017cfe800 JavaThread "Cache worker for cache directory md-rule (C:\Users\Deadvin\.gradle\caches\6.5\md-rule)" [_thread_blocked, id=15496, stack(0x0000000020400000,0x0000000020500000)]
  0x0000000017cfc800 JavaThread "Cache worker for cache directory md-supplier (C:\Users\Deadvin\.gradle\caches\6.5\md-supplier)" [_thread_blocked, id=10264, stack(0x0000000020300000,0x0000000020400000)]
  0x0000000017d03000 JavaThread "Cache worker for checksums cache (C:\Users\Deadvin\Desktop\CryptoTerminal\.gradle\checksums)" [_thread_blocked, id=6060, stack(0x0000000020200000,0x0000000020300000)]
  0x0000000017d02800 JavaThread "Cache worker for file hash cache (C:\Users\Deadvin\Desktop\CryptoTerminal\.gradle\6.5\fileHashes)" [_thread_blocked, id=7448, stack(0x0000000021bc0000,0x0000000021cc0000)]
  0x0000000017cfe000 JavaThread "Cache worker for file hash cache (C:\Users\Deadvin\.gradle\caches\6.5\fileHashes)" [_thread_blocked, id=14120, stack(0x000000001dd60000,0x000000001de60000)]
  0x0000000017d01800 JavaThread "File lock request listener" [_thread_in_native, id=11012, stack(0x000000001dc60000,0x000000001dd60000)]
  0x0000000017cfd000 JavaThread "Cache worker for journal cache (C:\Users\Deadvin\.gradle\caches\journal-1)" [_thread_blocked, id=12800, stack(0x000000001da60000,0x000000001db60000)]
  0x000000001a0ea000 JavaThread "Thread-9" [_thread_blocked, id=1136, stack(0x000000001d760000,0x000000001d860000)]
  0x000000001a0e5800 JavaThread "Stdin handler" [_thread_blocked, id=15508, stack(0x000000001d660000,0x000000001d760000)]
  0x000000001a0e4800 JavaThread "Asynchronous log dispatcher for DefaultDaemonConnection: socket connection from /127.0.0.1:64083 to /127.0.0.1:64084" [_thread_blocked, id=4040, stack(0x000000001d560000,0x000000001d660000)]
  0x0000000019f2e000 JavaThread "Daemon worker" [_thread_in_vm, id=13164, stack(0x000000001d460000,0x000000001d560000)]
  0x0000000019f2d800 JavaThread "Cancel handler" [_thread_blocked, id=9040, stack(0x000000001d360000,0x000000001d460000)]
  0x000000001b742000 JavaThread "Handler for socket connection from /127.0.0.1:64083 to /127.0.0.1:64084" [_thread_in_native, id=15616, stack(0x000000001d260000,0x000000001d360000)]
  0x000000001b741800 JavaThread "Daemon" [_thread_blocked, id=16404, stack(0x000000001d160000,0x000000001d260000)]
  0x000000001b6e2800 JavaThread "Daemon periodic checks" [_thread_blocked, id=14340, stack(0x000000001ce60000,0x000000001cf60000)]
  0x000000001b6e0800 JavaThread "Incoming local TCP Connector on port 64083" [_thread_in_native, id=2324, stack(0x000000001cc20000,0x000000001cd20000)]
  0x000000001b361800 JavaThread "Daemon health stats" [_thread_blocked, id=7956, stack(0x000000001c5e0000,0x000000001c6e0000)]
  0x000000001967a800 JavaThread "Service Thread" daemon [_thread_blocked, id=7740, stack(0x0000000019a40000,0x0000000019b40000)]
  0x0000000017d00000 JavaThread "C1 CompilerThread2" daemon [_thread_blocked, id=13944, stack(0x0000000019540000,0x0000000019640000)]
=>0x0000000017cee000 JavaThread "C2 CompilerThread1" daemon [_thread_in_native, id=8808, stack(0x0000000019440000,0x0000000019540000)]
  0x0000000017ce8000 JavaThread "C2 CompilerThread0" daemon [_thread_in_native, id=8200, stack(0x0000000019340000,0x0000000019440000)]
  0x0000000017ce7000 JavaThread "Attach Listener" daemon [_thread_blocked, id=5792, stack(0x0000000019240000,0x0000000019340000)]
  0x0000000017ce4000 JavaThread "Signal Dispatcher" daemon [_thread_blocked, id=17088, stack(0x0000000019140000,0x0000000019240000)]
  0x000000000303b800 JavaThread "Finalizer" daemon [_thread_blocked, id=1720, stack(0x0000000018f40000,0x0000000019040000)]
  0x0000000017cc9000 JavaThread "Reference Handler" daemon [_thread_blocked, id=15752, stack(0x0000000018e40000,0x0000000018f40000)]
  0x0000000002f42800 JavaThread "main" [_thread_blocked, id=13828, stack(0x0000000001630000,0x0000000001730000)]

Other Threads:
  0x0000000017ca5800 VMThread [stack: 0x0000000018d40000,0x0000000018e40000] [id=15012]
  0x000000001967d000 WatcherThread [stack: 0x0000000019b40000,0x0000000019c40000] [id=17140]

VM state:not at safepoint (normal execution)

VM Mutex/Monitor currently owned by a thread: None

heap address: 0x0000000080000000, size: 2048 MB, Compressed Oops mode: 32-bit
Narrow klass base: 0x0000000000000000, Narrow klass shift: 3
Compressed class space size: 1073741824 Address: 0x0000000100000000

Heap:
 PSYoungGen      total 190976K, used 171299K [0x00000000d5580000, 0x00000000e2280000, 0x0000000100000000)
  eden space 179200K, 89% used [0x00000000d5580000,0x00000000df1b9600,0x00000000e0480000)
  from space 11776K, 96% used [0x00000000e1700000,0x00000000e220f840,0x00000000e2280000)
  to   space 13824K, 0% used [0x00000000e0780000,0x00000000e0780000,0x00000000e1500000)
 ParOldGen       total 69632K, used 17481K [0x0000000080000000, 0x0000000084400000, 0x00000000d5580000)
  object space 69632K, 25% used [0x0000000080000000,0x00000000811126d8,0x0000000084400000)
 Metaspace       used 54636K, capacity 56862K, committed 57128K, reserved 1097728K
  class space    used 7427K, capacity 7910K, committed 7984K, reserved 1048576K

Card table byte_map: [0x0000000012480000,0x0000000012890000] byte_map_base: 0x0000000012080000

Marking Bits: (ParMarkBitMap*) 0x0000000064adf030
 Begin Bits: [0x0000000012f40000, 0x0000000014f40000)
 End Bits:   [0x0000000014f40000, 0x0000000016f40000)

Polling page: 0x0000000000df0000

CodeCache: size=245760Kb used=15601Kb max_used=15601Kb free=230158Kb
 bounds [0x00000000030c0000, 0x0000000004010000, 0x00000000120c0000]
 total_blobs=5357 nmethods=4592 adapters=677
 compilation: enabled

Compilation events (10 events):
Event: 7.659 Thread 0x0000000017d00000 5026       1       com.google.common.collect.ImmutableEntry::getValue (5 bytes)
Event: 7.659 Thread 0x0000000017d00000 nmethod 5026 0x0000000004002c90 code [0x0000000004002de0, 0x0000000004002ef0]
Event: 7.665 Thread 0x0000000017d00000 5027       3       java.util.regex.Pattern$CharProperty$1::isSatisfiedBy (17 bytes)
Event: 7.666 Thread 0x0000000017d00000 nmethod 5027 0x0000000004002f50 code [0x00000000040030c0, 0x0000000004003328]
Event: 7.671 Thread 0x0000000017d00000 5028       3       java.lang.invoke.BoundMethodHandle::editor (8 bytes)
Event: 7.672 Thread 0x0000000017d00000 nmethod 5028 0x00000000040033d0 code [0x0000000004003560, 0x0000000004003908]
Event: 7.672 Thread 0x0000000017d00000 5029       3       java.lang.invoke.LambdaForm::editor (5 bytes)
Event: 7.672 Thread 0x0000000017d00000 nmethod 5029 0x0000000004003b10 code [0x0000000004003ca0, 0x0000000004003fc8]
Event: 7.672 Thread 0x0000000017d00000 5030       3       java.lang.invoke.LambdaFormEditor::lambdaFormEditor (12 bytes)
Event: 7.672 Thread 0x0000000017d00000 nmethod 5030 0x0000000004004150 code [0x00000000040042c0, 0x0000000004004568]

GC Heap History (10 events):
Event: 3.000 GC heap before
{Heap before GC invocations=8 (full 1):
 PSYoungGen      total 76800K, used 3856K [0x00000000d5580000, 0x00000000dea80000, 0x0000000100000000)
  eden space 65536K, 0% used [0x00000000d5580000,0x00000000d5580000,0x00000000d9580000)
  from space 11264K, 34% used [0x00000000d9580000,0x00000000d9944040,0x00000000da080000)
  to   space 10752K, 0% used [0x00000000de000000,0x00000000de000000,0x00000000dea80000)
 ParOldGen       total 87552K, used 8828K [0x0000000080000000, 0x0000000085580000, 0x00000000d5580000)
  object space 87552K, 10% used [0x0000000080000000,0x000000008089f380,0x0000000085580000)
 Metaspace       used 20589K, capacity 21224K, committed 21296K, reserved 1067008K
  class space    used 2873K, capacity 3076K, committed 3120K, reserved 1048576K
Event: 3.026 GC heap after
Heap after GC invocations=8 (full 1):
 PSYoungGen      total 76800K, used 0K [0x00000000d5580000, 0x00000000dea80000, 0x0000000100000000)
  eden space 65536K, 0% used [0x00000000d5580000,0x00000000d5580000,0x00000000d9580000)
  from space 11264K, 0% used [0x00000000d9580000,0x00000000d9580000,0x00000000da080000)
  to   space 10752K, 0% used [0x00000000de000000,0x00000000de000000,0x00000000dea80000)
 ParOldGen       total 47616K, used 6675K [0x0000000080000000, 0x0000000082e80000, 0x00000000d5580000)
  object space 47616K, 14% used [0x0000000080000000,0x0000000080684d88,0x0000000082e80000)
 Metaspace       used 20589K, capacity 21224K, committed 21296K, reserved 1067008K
  class space    used 2873K, capacity 3076K, committed 3120K, reserved 1048576K
}
Event: 3.789 GC heap before
{Heap before GC invocations=9 (full 1):
 PSYoungGen      total 76800K, used 65536K [0x00000000d5580000, 0x00000000dea80000, 0x0000000100000000)
  eden space 65536K, 100% used [0x00000000d5580000,0x00000000d9580000,0x00000000d9580000)
  from space 11264K, 0% used [0x00000000d9580000,0x00000000d9580000,0x00000000da080000)
  to   space 10752K, 0% used [0x00000000de000000,0x00000000de000000,0x00000000dea80000)
 ParOldGen       total 47616K, used 6675K [0x0000000080000000, 0x0000000082e80000, 0x00000000d5580000)
  object space 47616K, 14% used [0x0000000080000000,0x0000000080684d88,0x0000000082e80000)
 Metaspace       used 28770K, capacity 29606K, committed 29872K, reserved 1075200K
  class space    used 3976K, capacity 4221K, committed 4272K, reserved 1048576K
Event: 3.796 GC heap after
Heap after GC invocations=9 (full 1):
 PSYoungGen      total 131584K, used 8476K [0x00000000d5580000, 0x00000000de880000, 0x0000000100000000)
  eden space 122880K, 0% used [0x00000000d5580000,0x00000000d5580000,0x00000000dcd80000)
  from space 8704K, 97% used [0x00000000de000000,0x00000000de8471e8,0x00000000de880000)
  to   space 11264K, 0% used [0x00000000dd280000,0x00000000dd280000,0x00000000ddd80000)
 ParOldGen       total 47616K, used 6683K [0x0000000080000000, 0x0000000082e80000, 0x00000000d5580000)
  object space 47616K, 14% used [0x0000000080000000,0x0000000080686d88,0x0000000082e80000)
 Metaspace       used 28770K, capacity 29606K, committed 29872K, reserved 1075200K
  class space    used 3976K, capacity 4221K, committed 4272K, reserved 1048576K
}
Event: 4.433 GC heap before
{Heap before GC invocations=10 (full 1):
 PSYoungGen      total 131584K, used 105789K [0x00000000d5580000, 0x00000000de880000, 0x0000000100000000)
  eden space 122880K, 79% used [0x00000000d5580000,0x00000000db488220,0x00000000dcd80000)
  from space 8704K, 97% used [0x00000000de000000,0x00000000de8471e8,0x00000000de880000)
  to   space 11264K, 0% used [0x00000000dd280000,0x00000000dd280000,0x00000000ddd80000)
 ParOldGen       total 47616K, used 6683K [0x0000000080000000, 0x0000000082e80000, 0x00000000d5580000)
  object space 47616K, 14% used [0x0000000080000000,0x0000000080686d88,0x0000000082e80000)
 Metaspace       used 34259K, capacity 35444K, committed 35496K, reserved 1079296K
  class space    used 4703K, capacity 5033K, committed 5040K, reserved 1048576K
Event: 4.442 GC heap after
Heap after GC invocations=10 (full 1):
 PSYoungGen      total 139264K, used 11226K [0x00000000d5580000, 0x00000000e2380000, 0x0000000100000000)
  eden space 128000K, 0% used [0x00000000d5580000,0x00000000d5580000,0x00000000dd280000)
  from space 11264K, 99% used [0x00000000dd280000,0x00000000ddd76ba0,0x00000000ddd80000)
  to   space 12800K, 0% used [0x00000000e1700000,0x00000000e1700000,0x00000000e2380000)
 ParOldGen       total 47616K, used 6691K [0x0000000080000000, 0x0000000082e80000, 0x00000000d5580000)
  object space 47616K, 14% used [0x0000000080000000,0x0000000080688d88,0x0000000082e80000)
 Metaspace       used 34259K, capacity 35444K, committed 35496K, reserved 1079296K
  class space    used 4703K, capacity 5033K, committed 5040K, reserved 1048576K
}
Event: 4.442 GC heap before
{Heap before GC invocations=11 (full 2):
 PSYoungGen      total 139264K, used 11226K [0x00000000d5580000, 0x00000000e2380000, 0x0000000100000000)
  eden space 128000K, 0% used [0x00000000d5580000,0x00000000d5580000,0x00000000dd280000)
  from space 11264K, 99% used [0x00000000dd280000,0x00000000ddd76ba0,0x00000000ddd80000)
  to   space 12800K, 0% used [0x00000000e1700000,0x00000000e1700000,0x00000000e2380000)
 ParOldGen       total 47616K, used 6691K [0x0000000080000000, 0x0000000082e80000, 0x00000000d5580000)
  object space 47616K, 14% used [0x0000000080000000,0x0000000080688d88,0x0000000082e80000)
 Metaspace       used 34259K, capacity 35444K, committed 35496K, reserved 1079296K
  class space    used 4703K, capacity 5033K, committed 5040K, reserved 1048576K
Event: 4.485 GC heap after
Heap after GC invocations=11 (full 2):
 PSYoungGen      total 139264K, used 0K [0x00000000d5580000, 0x00000000e2380000, 0x0000000100000000)
  eden space 128000K, 0% used [0x00000000d5580000,0x00000000d5580000,0x00000000dd280000)
  from space 11264K, 0% used [0x00000000dd280000,0x00000000dd280000,0x00000000ddd80000)
  to   space 12800K, 0% used [0x00000000e1700000,0x00000000e1700000,0x00000000e2380000)
 ParOldGen       total 69632K, used 17473K [0x0000000080000000, 0x0000000084400000, 0x00000000d5580000)
  object space 69632K, 25% used [0x0000000080000000,0x00000000811106d8,0x0000000084400000)
 Metaspace       used 34259K, capacity 35444K, committed 35496K, reserved 1079296K
  class space    used 4703K, capacity 5033K, committed 5040K, reserved 1048576K
}
Event: 5.787 GC heap before
{Heap before GC invocations=12 (full 2):
 PSYoungGen      total 139264K, used 128000K [0x00000000d5580000, 0x00000000e2380000, 0x0000000100000000)
  eden space 128000K, 100% used [0x00000000d5580000,0x00000000dd280000,0x00000000dd280000)
  from space 11264K, 0% used [0x00000000dd280000,0x00000000dd280000,0x00000000ddd80000)
  to   space 12800K, 0% used [0x00000000e1700000,0x00000000e1700000,0x00000000e2380000)
 ParOldGen       total 69632K, used 17473K [0x0000000080000000, 0x0000000084400000, 0x00000000d5580000)
  object space 69632K, 25% used [0x0000000080000000,0x00000000811106d8,0x0000000084400000)
 Metaspace       used 40101K, capacity 41876K, committed 42152K, reserved 1085440K
  class space    used 5514K, capacity 5942K, committed 6064K, reserved 1048576K
Event: 5.802 GC heap after
Heap after GC invocations=12 (full 2):
 PSYoungGen      total 190976K, used 11326K [0x00000000d5580000, 0x00000000e2280000, 0x0000000100000000)
  eden space 179200K, 0% used [0x00000000d5580000,0x00000000d5580000,0x00000000e0480000)
  from space 11776K, 96% used [0x00000000e1700000,0x00000000e220f840,0x00000000e2280000)
  to   space 13824K, 0% used [0x00000000e0780000,0x00000000e0780000,0x00000000e1500000)
 ParOldGen       total 69632K, used 17481K [0x0000000080000000, 0x0000000084400000, 0x00000000d5580000)
  object space 69632K, 25% used [0x0000000080000000,0x00000000811126d8,0x0000000084400000)
 Metaspace       used 40101K, capacity 41876K, committed 42152K, reserved 1085440K
  class space    used 5514K, capacity 5942K, committed 6064K, reserved 1048576K
}

Deoptimization events (10 events):
Event: 6.945 Thread 0x0000000019f2e000 Uncommon trap: reason=unstable_if action=reinterpret pc=0x00000000032a0c84 method=org.gradle.internal.instantiation.generator.AbstractClassGenerator$InjectionAnnotationValidator.validateMethod(Ljava/lang/reflect/Method;Lorg/gradle/internal/reflect/Propert
Event: 6.974 Thread 0x0000000019f2e000 Uncommon trap: reason=unstable_if action=reinterpret pc=0x0000000003d80698 method=org.codehaus.groovy.runtime.metaclass.MetaMethodIndex.isNonRealMethod(Lgroovy/lang/MetaMethod;)Z @ 4
Event: 6.974 Thread 0x0000000019f2e000 Uncommon trap: reason=unstable_if action=reinterpret pc=0x0000000003dae6e4 method=groovy.lang.MetaClassImpl$1MOPIter.methodNameAction(Ljava/lang/Class;Lorg/codehaus/groovy/runtime/metaclass/MetaMethodIndex$Entry;)V @ 182
Event: 6.988 Thread 0x0000000019f2e000 Uncommon trap: reason=unstable_if action=reinterpret pc=0x000000000336c9bc method=java.lang.ClassLoader.checkCerts(Ljava/lang/String;Ljava/security/CodeSource;)V @ 29
Event: 6.994 Thread 0x0000000019f2e000 Uncommon trap: reason=class_check action=maybe_recompile pc=0x0000000003846c50 method=java.util.WeakHashMap.eq(Ljava/lang/Object;Ljava/lang/Object;)Z @ 7
Event: 7.209 Thread 0x0000000019f2e000 Uncommon trap: reason=null_check action=make_not_entrant pc=0x00000000038a0a5c method=java.lang.Class.searchMethods([Ljava/lang/reflect/Method;Ljava/lang/String;[Ljava/lang/Class;)Ljava/lang/reflect/Method; @ 59
Event: 7.236 Thread 0x0000000019f2e000 Uncommon trap: reason=class_check action=maybe_recompile pc=0x0000000003846c50 method=java.util.WeakHashMap.eq(Ljava/lang/Object;Ljava/lang/Object;)Z @ 7
Event: 7.237 Thread 0x0000000019f2e000 Uncommon trap: reason=class_check action=maybe_recompile pc=0x0000000003846c50 method=java.util.WeakHashMap.eq(Ljava/lang/Object;Ljava/lang/Object;)Z @ 7
Event: 7.652 Thread 0x0000000019f2e000 Uncommon trap: reason=unstable_if action=reinterpret pc=0x00000000033a50c8 method=sun.misc.MetaIndex.mayContain(Ljava/lang/String;)Z @ 38
Event: 7.654 Thread 0x0000000019f2e000 Uncommon trap: reason=unstable_if action=reinterpret pc=0x0000000003b2e1cc method=java.security.CodeSource.hashCode()I @ 4

Classes redefined (0 events):
No events

Internal exceptions (10 events):
Event: 7.249 Thread 0x0000000019f2e000 Exception <a 'java/lang/ClassNotFoundException': build_dk30zfjes8uublqvuov9fubar$_run_closure1$_closure4Customizer> (0x00000000dd273950) thrown at [C:\src\AOSP-openjdk-git\hotspot\src\share\vm\classfile\systemDictionary.cpp, line 210]
Event: 7.251 Thread 0x0000000019f2e000 Exception <a 'java/lang/ClassNotFoundException': build_dk30zfjes8uublqvuov9fubar$_run_closure1BeanInfo> (0x00000000dd2a5268) thrown at [C:\src\AOSP-openjdk-git\hotspot\src\share\vm\classfile\systemDictionary.cpp, line 210]
Event: 7.251 Thread 0x0000000019f2e000 Exception <a 'java/lang/ClassNotFoundException': build_dk30zfjes8uublqvuov9fubar$_run_closure1Customizer> (0x00000000dd2b6320) thrown at [C:\src\AOSP-openjdk-git\hotspot\src\share\vm\classfile\systemDictionary.cpp, line 210]
Event: 7.254 Thread 0x0000000019f2e000 Exception <a 'java/lang/ClassNotFoundException': org/gradle/api/JavaVersionBeanInfo> (0x00000000dd31a898) thrown at [C:\src\AOSP-openjdk-git\hotspot\src\share\vm\classfile\systemDictionary.cpp, line 210]
Event: 7.254 Thread 0x0000000019f2e000 Exception <a 'java/lang/ClassNotFoundException': org/gradle/api/JavaVersionCustomizer> (0x00000000dd348338) thrown at [C:\src\AOSP-openjdk-git\hotspot\src\share\vm\classfile\systemDictionary.cpp, line 210]
Event: 7.256 Thread 0x0000000019f2e000 Exception <a 'java/lang/ClassNotFoundException': com/android/build/gradle/internal/CompileOptions_DecoratedBeanInfo> (0x00000000dd3adf68) thrown at [C:\src\AOSP-openjdk-git\hotspot\src\share\vm\classfile\systemDictionary.cpp, line 210]
Event: 7.256 Thread 0x0000000019f2e000 Exception <a 'java/lang/ClassNotFoundException': com/android/build/gradle/internal/CompileOptionsBeanInfo> (0x00000000dd3c9868) thrown at [C:\src\AOSP-openjdk-git\hotspot\src\share\vm\classfile\systemDictionary.cpp, line 210]
Event: 7.256 Thread 0x0000000019f2e000 Exception <a 'java/lang/ClassNotFoundException': com/android/build/gradle/internal/CompileOptionsCustomizer> (0x00000000dd3e5360) thrown at [C:\src\AOSP-openjdk-git\hotspot\src\share\vm\classfile\systemDictionary.cpp, line 210]
Event: 7.257 Thread 0x0000000019f2e000 Exception <a 'java/lang/ClassNotFoundException': com/android/build/gradle/internal/CompileOptions_DecoratedCustomizer> (0x00000000dd4167a8) thrown at [C:\src\AOSP-openjdk-git\hotspot\src\share\vm\classfile\systemDictionary.cpp, line 210]
Event: 7.654 Thread 0x0000000019f2e000 Implicit null exception at 0x0000000003b2ded5 to 0x0000000003b2e1bd

Events (10 events):
Event: 7.672 loading class kotlin/jvm/functions/Function1
Event: 7.672 loading class kotlin/jvm/functions/Function1 done
Event: 7.672 loading class org/gradle/api/tasks/TaskProvider
Event: 7.672 loading class org/gradle/api/tasks/TaskProvider done
Event: 7.672 loading class org/gradle/api/tasks/TaskProvider
Event: 7.672 loading class org/gradle/api/tasks/TaskProvider done
Event: 7.674 loading class org/gradle/api/reporting/ConfigurableReport
Event: 7.674 loading class org/gradle/api/reporting/ConfigurableReport done
Event: 7.674 loading class org/gradle/api/reporting/ConfigurableReport
Event: 7.674 loading class org/gradle/api/reporting/ConfigurableReport done


Dynamic libraries:
0x00007ff6e55a0000 - 0x00007ff6e55d1000 	C:\Program Files\Android\Android Studio\jre\bin\java.exe
0x00007ffe1ba70000 - 0x00007ffe1bc68000 	C:\WINDOWS\SYSTEM32\ntdll.dll
0x00007ffe1b840000 - 0x00007ffe1b8fd000 	C:\WINDOWS\System32\KERNEL32.DLL
0x00007ffe194f0000 - 0x00007ffe197be000 	C:\WINDOWS\System32\KERNELBASE.dll
0x00007ffe19c80000 - 0x00007ffe19d2e000 	C:\WINDOWS\System32\ADVAPI32.dll
0x00007ffe1b700000 - 0x00007ffe1b79e000 	C:\WINDOWS\System32\msvcrt.dll
0x00007ffe19e90000 - 0x00007ffe19f2c000 	C:\WINDOWS\System32\sechost.dll
0x00007ffe1b900000 - 0x00007ffe1ba25000 	C:\WINDOWS\System32\RPCRT4.dll
0x00007ffe19ad0000 - 0x00007ffe19c70000 	C:\WINDOWS\System32\USER32.dll
0x00007ffe19aa0000 - 0x00007ffe19ac2000 	C:\WINDOWS\System32\win32u.dll
0x00007ffe1b810000 - 0x00007ffe1b83a000 	C:\WINDOWS\System32\GDI32.dll
0x00007ffe19990000 - 0x00007ffe19a9b000 	C:\WINDOWS\System32\gdi32full.dll
0x00007ffe198f0000 - 0x00007ffe1998d000 	C:\WINDOWS\System32\msvcp_win.dll
0x00007ffe19190000 - 0x00007ffe19290000 	C:\WINDOWS\System32\ucrtbase.dll
0x00007ffdffbe0000 - 0x00007ffdffe7a000 	C:\WINDOWS\WinSxS\amd64_microsoft.windows.common-controls_6595b64144ccf1df_6.0.19041.1110_none_60b5254171f9507e\COMCTL32.dll
0x00007ffe1a190000 - 0x00007ffe1a1c0000 	C:\WINDOWS\System32\IMM32.DLL
0x0000000065dd0000 - 0x0000000065ea2000 	C:\Program Files\Android\Android Studio\jre\jre\bin\msvcr100.dll
0x0000000064310000 - 0x0000000064b5b000 	C:\Program Files\Android\Android Studio\jre\jre\bin\server\jvm.dll
0x00007ffe1b800000 - 0x00007ffe1b808000 	C:\WINDOWS\System32\PSAPI.DLL
0x00007ffdea150000 - 0x00007ffdea159000 	C:\WINDOWS\SYSTEM32\WSOCK32.dll
0x00007ffe17a70000 - 0x00007ffe17a7a000 	C:\WINDOWS\SYSTEM32\VERSION.dll
0x00007ffe1b350000 - 0x00007ffe1b3bb000 	C:\WINDOWS\System32\WS2_32.dll
0x00007ffe112f0000 - 0x00007ffe11317000 	C:\WINDOWS\SYSTEM32\WINMM.dll
0x00007ffe17180000 - 0x00007ffe1718f000 	C:\Program Files\Android\Android Studio\jre\jre\bin\verify.dll
0x00007ffe13320000 - 0x00007ffe13349000 	C:\Program Files\Android\Android Studio\jre\jre\bin\java.dll
0x00007ffe0c150000 - 0x00007ffe0c166000 	C:\Program Files\Android\Android Studio\jre\jre\bin\zip.dll
0x00007ffe1a2f0000 - 0x00007ffe1aa34000 	C:\WINDOWS\System32\SHELL32.dll
0x00007ffe17280000 - 0x00007ffe17a14000 	C:\WINDOWS\SYSTEM32\windows.storage.dll
0x00007ffe1af40000 - 0x00007ffe1b294000 	C:\WINDOWS\System32\combase.dll
0x00007ffe18bf0000 - 0x00007ffe18c20000 	C:\WINDOWS\SYSTEM32\Wldp.dll
0x00007ffe1a0e0000 - 0x00007ffe1a18d000 	C:\WINDOWS\System32\SHCORE.dll
0x00007ffe1b6a0000 - 0x00007ffe1b6f5000 	C:\WINDOWS\System32\shlwapi.dll
0x00007ffe190d0000 - 0x00007ffe190ef000 	C:\WINDOWS\SYSTEM32\profapi.dll
0x00007ffe09f10000 - 0x00007ffe09f2a000 	C:\Program Files\Android\Android Studio\jre\jre\bin\net.dll
0x00007ffe18950000 - 0x00007ffe189ba000 	C:\WINDOWS\system32\mswsock.dll
0x00007ffe09a20000 - 0x00007ffe09a33000 	C:\Program Files\Android\Android Studio\jre\jre\bin\nio.dll
0x00007ffe089a0000 - 0x00007ffe089c7000 	C:\Users\Deadvin\.gradle\native\f6784746aeab05261644944871eae4fe03e0ef1612fff0a4a95f87b438bc6780\windows-amd64\native-platform.dll
0x00007ffe16990000 - 0x00007ffe1699d000 	C:\Program Files\Android\Android Studio\jre\jre\bin\management.dll
0x00007ffe18b40000 - 0x00007ffe18b58000 	C:\WINDOWS\SYSTEM32\CRYPTSP.dll
0x00007ffe18260000 - 0x00007ffe18294000 	C:\WINDOWS\system32\rsaenh.dll
0x00007ffe198c0000 - 0x00007ffe198e7000 	C:\WINDOWS\System32\bcrypt.dll
0x00007ffe19090000 - 0x00007ffe190be000 	C:\WINDOWS\SYSTEM32\USERENV.dll
0x00007ffe19290000 - 0x00007ffe19312000 	C:\WINDOWS\System32\bcryptprimitives.dll
0x00007ffe18b60000 - 0x00007ffe18b6c000 	C:\WINDOWS\SYSTEM32\CRYPTBASE.dll
0x00007ffe185f0000 - 0x00007ffe1862b000 	C:\WINDOWS\SYSTEM32\IPHLPAPI.DLL
0x00007ffe19c70000 - 0x00007ffe19c78000 	C:\WINDOWS\System32\NSI.dll
0x00007ffe12ed0000 - 0x00007ffe12ee7000 	C:\WINDOWS\SYSTEM32\dhcpcsvc6.DLL
0x00007ffe12fd0000 - 0x00007ffe12fed000 	C:\WINDOWS\SYSTEM32\dhcpcsvc.DLL
0x00007ffe18640000 - 0x00007ffe1870b000 	C:\WINDOWS\SYSTEM32\DNSAPI.dll
0x00007ffe13010000 - 0x00007ffe1301b000 	C:\WINDOWS\SYSTEM32\WINNSI.DLL

VM Arguments:
jvm_args: -Xmx2048m -Dfile.encoding=UTF-8 -Duser.country=US -Duser.language=en -Duser.variant 
java_command: org.gradle.launcher.daemon.bootstrap.GradleDaemon 6.5
java_class_path (initial): C:\Users\Deadvin\.gradle\wrapper\dists\gradle-6.5-bin\6nifqtx7604sqp1q6g8wikw7p\gradle-6.5\lib\gradle-launcher-6.5.jar
Launcher Type: SUN_STANDARD

Environment Variables:
PATH=C:\Program Files (x86)\Common Files\Oracle\Java\javapath;C:\WINDOWS\system32;C:\WINDOWS;C:\WINDOWS\System32\Wbem;C:\WINDOWS\System32\WindowsPowerShell\v1.0\;C:\WINDOWS\System32\OpenSSH\;C:\Program Files\Git\cmd;C:\Strawberry\c\bin;C:\Strawberry\perl\site\bin;C:\Strawberry\perl\bin;C:\Program Files (x86)\Calibre2\;C:\Program Files (x86)\Java;C:\WINDOWS\system32;C:\WINDOWS;C:\WINDOWS\System32\Wbem;C:\WINDOWS\System32\WindowsPowerShell\v1.0\;C:\WINDOWS\System32\OpenSSH\;C:\Program Files\Git\cmd;C:\Strawberry\c\bin;C:\Strawberry\perl\site\bin;C:\Strawberry\perl\bin;C:\Program Files (x86)\Calibre2\;C:\WINDOWS\system32;C:\WINDOWS;C:\WINDOWS\System32\Wbem;C:\WINDOWS\System32\WindowsPowerShell\v1.0\;C:\WINDOWS\System32\OpenSSH\;C:\Program Files\Git\cmd;C:\Strawberry\c\bin;C:\Strawberry\perl\site\bin;C:\Strawberry\perl\bin;C:\Program Files (x86)\Calibre2\;C:\WINDOWS\system32;C:\WINDOWS;C:\WINDOWS\System32\Wbem;C:\WINDOWS\System32\WindowsPowerShell\v1.0\;C:\WINDOWS\System32\OpenSSH\;C:\Program Files\Git\cmd;C:\Strawberry\c\bin;C:\Strawberry\perl\site\bin;C:\Strawberry\perl\bin;C:\Program Files (x86)\Calibre2\;C:\Users\Deadvin\AppData\Local\Microsoft\WindowsApps;C:\Users\Deadvin\AppData\Local\Google\Cloud SDK\google-cloud-sdk\bin;C:\Program Files\heroku\bin;C:\Users\Deadvin\AppData\Local\GitHubDesktop\bin;C:\Python34\Scripts;C:\Python34\Scripts;C:\Users\De
USERNAME=Deadvin
OS=Windows_NT
PROCESSOR_IDENTIFIER=Intel64 Family 6 Model 60 Stepping 3, GenuineIntel



---------------  S Y S T E M  ---------------

OS: Windows 10.0 , 64 bit Build 19041 (10.0.19041.1806)

CPU:total 4 (initial active 4) (4 cores per cpu, 1 threads per core) family 6 model 60 stepping 3, cmov, cx8, fxsr, mmx, sse, sse2, sse3, ssse3, sse4.1, sse4.2, popcnt, avx, avx2, aes, clmul, erms, lzcnt, tsc, tscinvbit, bmi1, bmi2

Memory: 4k page, physical 8338248k(304116k free), swap 33504072k(5160k free)

vm_info: OpenJDK 64-Bit Server VM (25.242-b01) for windows-amd64 JRE (1.8.0_242-release-1644-b01), built by "builder" with MS VC++ 10.0 (VS2010)

time: Mon Aug 01 08:33:29 2022
timezone: FLE Daylight Time
elapsed time: 7 seconds (0d 0h 0m 7s)

